INFO:root:Client object created
INFO:root:Entered the context of a View object
DEBUG:root:Passed View object to IRC Client
DEBUG:root:IRC Client is subscribed to the View (to receive user input)
DEBUG:asyncio:Using selector: EpollSelector
INFO:root:call after View.loop: test
DEBUG:root:Character int: 104
DEBUG:root:Character int: 101
DEBUG:root:Character int: 108
DEBUG:root:Character int: 108
DEBUG:root:Character int: 111
DEBUG:root:Character int: 10
DEBUG:root:Input line: hello
INFO:root:IRCClient.update -> msg: hello
INFO:root:In process input -> msg: hello
INFO:root:call after View.loop: hello
DEBUG:root:Character int: 104
DEBUG:root:Character int: 101
DEBUG:root:Character int: 108
DEBUG:root:Character int: 108
DEBUG:root:Character int: 111
DEBUG:root:Character int: 10
DEBUG:root:Input line: hello
INFO:root:IRCClient.update -> msg: hello
INFO:root:In process input -> msg: hello
DEBUG:root:Character int: 104
DEBUG:root:Character int: 101
DEBUG:root:Character int: 108
DEBUG:root:Character int: 108
INFO:root:call after View.loop: hello
DEBUG:root:Character int: 111
DEBUG:root:Character int: 10
DEBUG:root:Input line: hello
INFO:root:IRCClient.update -> msg: hello
INFO:root:In process input -> msg: hello
DEBUG:root:Signifies end of process
DEBUG:root:Exiting context and closing View object
DEBUG:root:Closing IRC Client object
INFO:root:Client object created
INFO:root:Entered the context of a View object
DEBUG:root:Passed View object to IRC Client
DEBUG:root:IRC Client is subscribed to the View (to receive user input)
DEBUG:asyncio:Using selector: EpollSelector
DEBUG:root:Character int: 104
DEBUG:root:Character int: 101
DEBUG:root:Character int: 108
DEBUG:root:Character int: 108
DEBUG:root:Character int: 111
DEBUG:root:Character int: 10
DEBUG:root:Input line: hello
INFO:root:IRCClient.update -> msg: hello
INFO:root:In process input -> msg: hello
DEBUG:root:Character int: 104
DEBUG:root:Character int: 101
DEBUG:root:Character int: 108
DEBUG:root:Character int: 108
DEBUG:root:Character int: 111
DEBUG:root:Character int: 10
DEBUG:root:Input line: hello
INFO:root:IRCClient.update -> msg: hello
INFO:root:In process input -> msg: hello
DEBUG:root:Character int: 98
DEBUG:root:Character int: 105
DEBUG:root:Character int: 116
DEBUG:root:Character int: 99
DEBUG:root:Character int: 104
DEBUG:root:Character int: 10
DEBUG:root:Input line: bitch
INFO:root:IRCClient.update -> msg: bitch
INFO:root:In process input -> msg: bitch
DEBUG:root:Character int: 115
DEBUG:root:Character int: 111
DEBUG:root:Character int: 109
DEBUG:root:Character int: 101
DEBUG:root:Character int: 116
DEBUG:root:Character int: 104
DEBUG:root:Character int: 105
DEBUG:root:Character int: 110
DEBUG:root:Character int: 103
DEBUG:root:Character int: 32
DEBUG:root:Character int: 101
DEBUG:root:Character int: 108
DEBUG:root:Character int: 115
DEBUG:root:Character int: 101
DEBUG:root:Character int: 10
DEBUG:root:Input line: something else
INFO:root:IRCClient.update -> msg: something else
INFO:root:In process input -> msg: something else
DEBUG:root:Character int: 47
DEBUG:root:Character int: 113
DEBUG:root:Character int: 105
DEBUG:root:Character int: 117
DEBUG:root:Character int: 127
DEBUG:root:Character int: 127
DEBUG:root:Character int: 117
DEBUG:root:Character int: 105
DEBUG:root:Character int: 116
DEBUG:root:Character int: 10
DEBUG:root:Input line: /quit
INFO:root:IRCClient.update -> msg: /quit
INFO:root:In process input -> msg: /quit
DEBUG:root:KeyboardInterrupt detected within the view
DEBUG:root:Signifies end of process
DEBUG:root:Exiting context and closing View object
DEBUG:root:Closing IRC Client object
INFO:root:Client object created
INFO:root:Entered the context of a View object
DEBUG:root:Passed View object to IRC Client
DEBUG:root:IRC Client is subscribed to the View (to receive user input)
DEBUG:asyncio:Using selector: EpollSelector
DEBUG:root:Character int: 104
DEBUG:root:Character int: 101
DEBUG:root:Character int: 108
DEBUG:root:Character int: 108
DEBUG:root:Character int: 111
DEBUG:root:Character int: 10
DEBUG:root:Input line: hello
INFO:root:IRCClient.update -> msg: hello
INFO:root:In process input -> msg: hello
DEBUG:root:Character int: 115
DEBUG:root:Character int: 111
DEBUG:root:Character int: 109
DEBUG:root:Character int: 101
DEBUG:root:Character int: 116
DEBUG:root:Character int: 104
DEBUG:root:Character int: 105
DEBUG:root:Character int: 110
DEBUG:root:Character int: 103
DEBUG:root:Character int: 32
DEBUG:root:Character int: 101
DEBUG:root:Character int: 108
DEBUG:root:Character int: 115
DEBUG:root:Character int: 101
DEBUG:root:Character int: 10
DEBUG:root:Input line: something else
INFO:root:IRCClient.update -> msg: something else
INFO:root:In process input -> msg: something else
DEBUG:root:Character int: 119
DEBUG:root:Character int: 104
DEBUG:root:Character int: 121
DEBUG:root:Character int: 32
DEBUG:root:Character int: 105
DEBUG:root:Character int: 115
DEBUG:root:Character int: 110
DEBUG:root:Character int: 39
DEBUG:root:Character int: 116
DEBUG:root:Character int: 32
DEBUG:root:Character int: 116
DEBUG:root:Character int: 104
DEBUG:root:Character int: 105
DEBUG:root:Character int: 115
DEBUG:root:Character int: 32
DEBUG:root:Character int: 119
DEBUG:root:Character int: 111
DEBUG:root:Character int: 114
DEBUG:root:Character int: 107
DEBUG:root:Character int: 105
DEBUG:root:Character int: 110
DEBUG:root:Character int: 103
DEBUG:root:Character int: 10
DEBUG:root:Input line: why isn't this working
INFO:root:IRCClient.update -> msg: why isn't this working
INFO:root:In process input -> msg: why isn't this working
DEBUG:root:Character int: 47
DEBUG:root:Character int: 113
DEBUG:root:Character int: 117
DEBUG:root:Character int: 105
DEBUG:root:Character int: 116
DEBUG:root:Character int: 10
DEBUG:root:Input line: /quit
INFO:root:IRCClient.update -> msg: /quit
INFO:root:In process input -> msg: /quit
DEBUG:root:KeyboardInterrupt detected within the view
DEBUG:root:Signifies end of process
DEBUG:root:Exiting context and closing View object
DEBUG:root:Closing IRC Client object
INFO:root:Client object created
INFO:root:Entered the context of a View object
DEBUG:root:Passed View object to IRC Client
DEBUG:root:IRC Client is subscribed to the View (to receive user input)
DEBUG:asyncio:Using selector: EpollSelector
DEBUG:root:Character int: 104
DEBUG:root:Character int: 101
DEBUG:root:Character int: 108
DEBUG:root:Character int: 108
DEBUG:root:Character int: 111
DEBUG:root:Character int: 10
DEBUG:root:Input line: hello
INFO:root:IRCClient.update -> msg: hello
INFO:root:In process input -> msg: hello
DEBUG:root:Exiting context and closing View object
DEBUG:root:Closing IRC Client object
INFO:root:Client object created
INFO:root:Entered the context of a View object
DEBUG:root:Passed View object to IRC Client
DEBUG:root:IRC Client is subscribed to the View (to receive user input)
DEBUG:asyncio:Using selector: EpollSelector
DEBUG:root:Character int: 104
DEBUG:root:Character int: 101
DEBUG:root:Character int: 108
DEBUG:root:Character int: 108
DEBUG:root:Character int: 111
DEBUG:root:Character int: 10
DEBUG:root:Input line: hello
INFO:root:IRCClient.update -> msg: hello
INFO:root:In process input -> msg: hello
DEBUG:root:Exiting context and closing View object
DEBUG:root:Closing IRC Client object
INFO:root:Client object created
INFO:root:Entered the context of a View object
DEBUG:root:Passed View object to IRC Client
DEBUG:root:IRC Client is subscribed to the View (to receive user input)
DEBUG:asyncio:Using selector: EpollSelector
DEBUG:root:Character int: 104
DEBUG:root:Character int: 101
DEBUG:root:Character int: 108
DEBUG:root:Character int: 108
DEBUG:root:Character int: 111
DEBUG:root:Character int: 10
DEBUG:root:Input line: hello
INFO:root:IRCClient.update -> msg: hello
INFO:root:In process input -> msg: hello
DEBUG:root:Exiting context and closing View object
DEBUG:root:Closing IRC Client object
INFO:root:Client object created
INFO:root:Entered the context of a View object
DEBUG:root:Passed View object to IRC Client
DEBUG:root:IRC Client is subscribed to the View (to receive user input)
DEBUG:asyncio:Using selector: EpollSelector
DEBUG:root:Character int: 104
DEBUG:root:Character int: 101
DEBUG:root:Character int: 108
DEBUG:root:Character int: 108
DEBUG:root:Character int: 111
DEBUG:root:Character int: 10
DEBUG:root:Input line: hello
INFO:root:IRCClient.update -> msg: hello
INFO:root:In process input -> msg: hello
DEBUG:root:Exiting context and closing View object
DEBUG:root:Closing IRC Client object
INFO:root:Client object created
INFO:root:Entered the context of a View object
DEBUG:root:Passed View object to IRC Client
DEBUG:root:IRC Client is subscribed to the View (to receive user input)
DEBUG:asyncio:Using selector: EpollSelector
DEBUG:root:Character int: 104
DEBUG:root:Character int: 101
DEBUG:root:Character int: 108
DEBUG:root:Character int: 108
DEBUG:root:Character int: 111
DEBUG:root:Character int: 10
DEBUG:root:Input line: hello
INFO:root:IRCClient.update -> msg: hello
INFO:root:In process input -> msg: hello
DEBUG:root:Exiting context and closing View object
DEBUG:root:Closing IRC Client object
INFO:root:Client object created
INFO:root:Entered the context of a View object
DEBUG:root:Passed View object to IRC Client
DEBUG:root:IRC Client is subscribed to the View (to receive user input)
DEBUG:asyncio:Using selector: EpollSelector
DEBUG:root:Character int: 104
DEBUG:root:Character int: 101
DEBUG:root:Character int: 108
DEBUG:root:Character int: 108
DEBUG:root:Character int: 111
DEBUG:root:Character int: 10
DEBUG:root:Input line: hello
INFO:root:IRCClient.update -> msg: hello
INFO:root:In process input -> msg: hello
DEBUG:root:Character int: 119
DEBUG:root:Character int: 104
DEBUG:root:Character int: 121
DEBUG:root:Character int: 32
DEBUG:root:Character int: 105
DEBUG:root:Character int: 115
DEBUG:root:Character int: 110
DEBUG:root:Character int: 39
DEBUG:root:Character int: 116
DEBUG:root:Character int: 32
DEBUG:root:Character int: 116
DEBUG:root:Character int: 104
DEBUG:root:Character int: 105
DEBUG:root:Character int: 115
DEBUG:root:Character int: 32
DEBUG:root:Character int: 119
DEBUG:root:Character int: 111
DEBUG:root:Character int: 114
DEBUG:root:Character int: 107
DEBUG:root:Character int: 105
DEBUG:root:Character int: 110
DEBUG:root:Character int: 103
DEBUG:root:Character int: 10
DEBUG:root:Input line: why isn't this working
INFO:root:IRCClient.update -> msg: why isn't this working
INFO:root:In process input -> msg: why isn't this working
DEBUG:root:Character int: 47
DEBUG:root:Character int: 113
DEBUG:root:Character int: 117
DEBUG:root:Character int: 105
DEBUG:root:Character int: 116
DEBUG:root:Character int: 10
DEBUG:root:Input line: /quit
INFO:root:IRCClient.update -> msg: /quit
INFO:root:In process input -> msg: /quit
DEBUG:root:KeyboardInterrupt detected within the view
DEBUG:root:Signifies end of process
DEBUG:root:Exiting context and closing View object
DEBUG:root:Closing IRC Client object
INFO:root:Client object created
INFO:root:Entered the context of a View object
DEBUG:root:Passed View object to IRC Client
DEBUG:root:IRC Client is subscribed to the View (to receive user input)
DEBUG:asyncio:Using selector: EpollSelector
DEBUG:root:Character int: 104
DEBUG:root:Character int: 101
DEBUG:root:Character int: 108
DEBUG:root:Character int: 108
DEBUG:root:Character int: 111
DEBUG:root:Character int: 10
DEBUG:root:Input line: hello
INFO:root:IRCClient.update -> msg: hello
INFO:root:In process input -> msg: hello
DEBUG:root:Character int: 119
DEBUG:root:Character int: 104
DEBUG:root:Character int: 121
DEBUG:root:Character int: 32
DEBUG:root:Character int: 105
DEBUG:root:Character int: 115
DEBUG:root:Character int: 110
DEBUG:root:Character int: 39
DEBUG:root:Character int: 116
DEBUG:root:Character int: 32
DEBUG:root:Character int: 116
DEBUG:root:Character int: 104
DEBUG:root:Character int: 105
DEBUG:root:Character int: 115
DEBUG:root:Character int: 32
DEBUG:root:Character int: 119
DEBUG:root:Character int: 111
DEBUG:root:Character int: 114
DEBUG:root:Character int: 107
DEBUG:root:Character int: 105
DEBUG:root:Character int: 110
DEBUG:root:Character int: 103
DEBUG:root:Character int: 10
DEBUG:root:Input line: why isn't this working
INFO:root:IRCClient.update -> msg: why isn't this working
INFO:root:In process input -> msg: why isn't this working
DEBUG:root:Character int: 47
DEBUG:root:Character int: 113
DEBUG:root:Character int: 117
DEBUG:root:Character int: 105
DEBUG:root:Character int: 116
DEBUG:root:Character int: 10
DEBUG:root:Input line: /quit
INFO:root:IRCClient.update -> msg: /quit
INFO:root:In process input -> msg: /quit
DEBUG:root:KeyboardInterrupt detected within the view
DEBUG:root:Signifies end of process
DEBUG:root:Exiting context and closing View object
DEBUG:root:Closing IRC Client object
